[17/03/07@14:08:11.429+0100] P-000812 T-010532 1 4GL -- Logging level set to = 2
[17/03/07@14:08:11.429+0100] P-000812 T-010532 1 4GL -- No entry types are activated
[17/03/07@14:08:12.913+0100] P-000812 T-010532 1 4GL APPL           Table Stats FOR EACH Customer, FIRST Salesrep OF Customer:
[17/03/07@14:08:12.915+0100] P-000812 T-010532 1 4GL APPL           ########################################################################################################
[17/03/07@14:08:12.915+0100] P-000812 T-010532 1 4GL APPL           Table Name                                  Record Reads         Updates         Creates         Deletes
[17/03/07@14:08:12.915+0100] P-000812 T-010532 1 4GL APPL           --------------------------------------------------------------------------------------------------------
[17/03/07@14:08:12.916+0100] P-000812 T-010532 1 4GL APPL           sports2000.Customer                              201.132               0               0               0
[17/03/07@14:08:12.917+0100] P-000812 T-010532 1 4GL APPL           sports2000.Salesrep                              201.118               0               0               0
[17/03/07@14:08:12.917+0100] P-000812 T-010532 1 4GL APPL           --------------------------------------------------------------------------------------------------------
[17/03/07@14:08:12.917+0100] P-000812 T-010532 1 4GL APPL           Index Name                                   Index Reads                         Creates         Deletes
[17/03/07@14:08:12.917+0100] P-000812 T-010532 1 4GL APPL           --------------------------------------------------------------------------------------------------------
[17/03/07@14:08:12.917+0100] P-000812 T-010532 1 4GL APPL           sports2000.Customer.CustNum                      201.139                               0               0
[17/03/07@14:08:12.917+0100] P-000812 T-010532 1 4GL APPL           sports2000.Salesrep.SalesRep                     201.132                               0               0
[17/03/07@14:08:12.917+0100] P-000812 T-010532 1 4GL APPL           ########################################################################################################
[17/03/07@14:08:12.917+0100] P-000812 T-010532 1 4GL APPL           Table Stats FOR Salesrep:
[17/03/07@14:08:12.918+0100] P-000812 T-010532 1 4GL APPL           ########################################################################################################
[17/03/07@14:08:12.918+0100] P-000812 T-010532 1 4GL APPL           Table Name                                  Record Reads         Updates         Creates         Deletes
[17/03/07@14:08:12.918+0100] P-000812 T-010532 1 4GL APPL           --------------------------------------------------------------------------------------------------------
[17/03/07@14:08:12.918+0100] P-000812 T-010532 1 4GL APPL           sports2000.Salesrep                                    9               0               0               0
[17/03/07@14:08:12.918+0100] P-000812 T-010532 1 4GL APPL           --------------------------------------------------------------------------------------------------------
[17/03/07@14:08:12.918+0100] P-000812 T-010532 1 4GL APPL           Index Name                                   Index Reads                         Creates         Deletes
[17/03/07@14:08:12.918+0100] P-000812 T-010532 1 4GL APPL           --------------------------------------------------------------------------------------------------------
[17/03/07@14:08:12.918+0100] P-000812 T-010532 1 4GL APPL           sports2000.Salesrep.SalesRep                          13                               0               0
[17/03/07@14:08:12.918+0100] P-000812 T-010532 1 4GL APPL           ########################################################################################################
